\BOOKMARK [1][-]{section.1}{1 Introduction}{}% 1
\BOOKMARK [1][-]{section.5}{2 Background}{}% 2
\BOOKMARK [2][-]{subsection.6}{2.1 DNS Censorship Measurement}{section.5}% 3
\BOOKMARK [2][-]{subsection.8}{2.2 IPv6 \046 DNS}{section.5}% 4
\BOOKMARK [1][-]{section.9}{3 Dataset and Methodology}{}% 5
\BOOKMARK [2][-]{subsection.10}{3.1 Selecting resolvers}{section.9}% 6
\BOOKMARK [2][-]{subsection.11}{3.2 Selecting target domains}{section.9}% 7
\BOOKMARK [2][-]{subsection.12}{3.3 Identifying DNS censorship events}{section.9}% 8
\BOOKMARK [2][-]{subsection.13}{3.4 Ethics}{section.9}% 9
\BOOKMARK [1][-]{section.14}{4 Prevalence of DNS Censorship}{}% 10
\BOOKMARK [1][-]{section.17}{5 Censorship of IPv4 and IPv6 Resource Records}{}% 11
\BOOKMARK [2][-]{subsection.18}{5.1 A vs. AAAA resource censorship}{section.17}% 12
\BOOKMARK [2][-]{subsection.20}{5.2 Characteristics of A/AAAA-inconsistent resolvers}{section.17}% 13
\BOOKMARK [2][-]{subsection.22}{5.3 Characteristics of anomalous domains}{section.17}% 14
\BOOKMARK [1][-]{section.23}{6 Censorship of IPv4 and IPv6 DNS Traffic}{}% 15
\BOOKMARK [2][-]{subsection.24}{6.1 Within-country differences in the censorship of IPv4 and IPv6 DNS queries}{section.23}% 16
\BOOKMARK [2][-]{subsection.26}{6.2 Characteristics of IPv4/IPv6-inconsistent resolvers}{section.23}% 17
\BOOKMARK [2][-]{subsection.28}{6.3 Characterization of anomalous domains}{section.23}% 18
\BOOKMARK [1][-]{section.29}{7 Country-Specific DNS Censorship Trends and Mechanisms}{}% 19
\BOOKMARK [1][-]{section.34}{8 Related Work}{}% 20
\BOOKMARK [1][-]{section.35}{9 Discussion and Conclusions}{}% 21
\BOOKMARK [1][-]{appendix.37}{A Full list of countries / resolvers}{}% 22
